[www.imem.app/favicon.ico]
[www.imem.app/apple-touch-icon.png]
[www.imem.app/favicon-32x32.png]
[www.imem.app/favicon-16x16.png]
[www.imem.app/js/planet.js]
[www.imem.app/js/ducks.js]
[www.imem.app/js/phone_01.js]
[www.imem.app/js/phone_02.js]
[www.imem.app/js/phone_03.js]
[www.imem.app/js/phone_04.js]
[www.imem.app/manifest.json]
[backblue.gif]
[fade.gif]
[index.html]
[www.imem.app/static/js/main.d673ed00.js]
[www.imem.app/index.html]
[www.imem.app/static/media/Roboto-Bold.746e4b5d434b64a4206f.woff2]
[www.imem.app/static/media/Roboto-Medium.a9329ba7d0a7424041cf.ttf]
[www.imem.app/static/media/roboto-cyrillic-ext-400-normal.804378952da8a10faae2.woff2]
[www.imem.app/static/media/roboto-all-400-normal.c5d001fa922fa66a147f.woff]
[www.imem.app/static/media/roboto-cyrillic-400-normal.71a33b6b50457b2c903a.woff2]
[www.imem.app/static/media/roboto-greek-ext-400-normal.169619821ea93019d1bb.woff2]
[www.imem.app/static/media/roboto-greek-400-normal.c35e4c3958e209d17b31.woff2]
[www.imem.app/static/media/roboto-vietnamese-400-normal.3230f9b040f3c630e0c3.woff2]
[www.imem.app/static/media/roboto-latin-ext-400-normal.861b791f9de857a6e7bc.woff2]
[www.imem.app/static/media/roboto-latin-400-normal.b009a76ad6afe4ebd301.woff2]
[www.imem.app/static/media/roboto-cyrillic-ext-500-normal.62ced72e5832f02c2796.woff2]
[www.imem.app/static/media/roboto-all-500-normal.0ab669b7a0d19b178f57.woff]
[www.imem.app/static/media/roboto-cyrillic-500-normal.cad7d3d9cb265e334e58.woff2]
[www.imem.app/static/media/roboto-greek-ext-500-normal.6fb9cffb1d3e72bf9293.woff2]
[www.imem.app/static/media/roboto-greek-500-normal.9ac81fefbe6c319ea40b.woff2]
[www.imem.app/static/media/roboto-vietnamese-500-normal.d8642a3d1d4ef6179644.woff2]
[www.imem.app/static/media/roboto-latin-ext-500-normal.9165081d10e1ba601384.woff2]
[www.imem.app/static/media/roboto-latin-500-normal.f25d774ecfe0996f8eb5.woff2]
[www.imem.app/static/css/main.e267ea88.css]
